info it worked if it ends with ok
verbose cli [ '/usr/local/bin/node',
verbose cli   '/usr/local/bin/npm',
verbose cli   'install',
verbose cli   'node-sqlite3' ]
info using npm@1.1.10
info using node@v0.7.7-pre
verbose config file /home/saw/.npmrc
verbose config file /usr/local/etc/npmrc
verbose config file /usr/local/lib/node_modules/npm/npmrc
verbose caching /home/saw/mgr/nodehome/node_modules/c2dm/package.json
verbose caching /home/saw/mgr/nodehome/node_modules/formidable/package.json
verbose has bindings.gyp [ undefined,
verbose has bindings.gyp   { file: '/home/saw/mgr/nodehome/node_modules/sqlite3/package.json',
verbose has bindings.gyp     gypfile: true,
verbose has bindings.gyp     wscript: false,
verbose has bindings.gyp     contributors: false,
verbose has bindings.gyp     serverjs: false } ]
verbose caching /home/saw/mgr/nodehome/node_modules/sqlite3/package.json
verbose caching /home/saw/mgr/nodehome/node_modules/nodeunit/package.json
verbose caching /home/saw/mgr/nodehome/node_modules/oauth/package.json
WARN n@0.7.3 package.json: bugs['name'] should probably be bugs['url']
verbose caching /home/saw/mgr/nodehome/node_modules/n/package.json
verbose caching /home/saw/mgr/nodehome/node_modules/auth-server/package.json
verbose caching /home/saw/mgr/nodehome/node_modules/apn/package.json
verbose has wscript [ undefined,
verbose has wscript   { file: '/home/saw/mgr/nodehome/node_modules/node-sqlite3/package.json',
verbose has wscript     contributors: false,
verbose has wscript     serverjs: false,
verbose has wscript     gypfile: false,
verbose has wscript     wscript: true } ]
verbose caching /home/saw/mgr/nodehome/node_modules/node-sqlite3/package.json
verbose loadDefaults sqlite3@2.1.1
verbose caching /home/saw/mgr/nodehome/node_modules/socket.io/package.json
verbose caching /home/saw/mgr/nodehome/node_modules/express/package.json
verbose caching /home/saw/mgr/nodehome/node_modules/xml2js/package.json
verbose cache add [ 'node-sqlite3', null ]
silly cache add: name, spec, args [ undefined, 'node-sqlite3', [ 'node-sqlite3', null ] ]
verbose parsed url { pathname: 'node-sqlite3',
verbose parsed url   path: 'node-sqlite3',
verbose parsed url   href: 'node-sqlite3' }
verbose addNamed [ 'node-sqlite3', '' ]
verbose addNamed [ null, '' ]
silly name, range, hasData [ 'node-sqlite3', '', false ]
verbose raw, before any munging node-sqlite3
verbose url resolving [ 'https://registry.npmjs.org/', './node-sqlite3' ]
verbose url resolved https://registry.npmjs.org/node-sqlite3
http GET https://registry.npmjs.org/node-sqlite3
http 404 https://registry.npmjs.org/node-sqlite3
silly get cb [ 404,
silly get cb   { server: 'CouchDB/1.2.0 (Erlang OTP/R15B)',
silly get cb     date: 'Mon, 08 Oct 2012 19:31:42 GMT',
silly get cb     'content-type': 'application/json',
silly get cb     'content-length': '52',
silly get cb     'cache-control': 'must-revalidate' } ]
ERR! 404 'node-sqlite3' is not in the npm registry.
ERR! 404 You should bug the author to publish it
ERR! 404 Maybe try 'npm search sqlite3'
ERR! 404 Note that you can also install from a
ERR! 404 tarball, folder, or http url, or git url.
ERR! 
ERR! System Linux 3.0.0-12-generic
ERR! command "/usr/local/bin/node" "/usr/local/bin/npm" "install" "node-sqlite3"
ERR! cwd /home/saw/mgr/nodehome/mobshareserver
ERR! node -v v0.7.7-pre
ERR! npm -v 1.1.10
ERR! code E404
ERR! message 404 Not Found: node-sqlite3
ERR! errno {}
verbose exit [ 1, true ]
